CRITICAL - 2023-04-20 09:19:21 --> Undefined property: App\Controllers\login::$load
in APPPATH\Controllers\login.php on line 9.
 1 APPPATH\Controllers\login.php(9): CodeIgniter\Debug\Exceptions->errorHandler(2, 'Undefined property: App\\Controllers\\login::$load', 'C:\\xampp\\htdocs\\ci4Composer\\app\\Controllers\\login.php', 9)
 2 SYSTEMPATH\CodeIgniter.php(934): App\Controllers\login->index()
 3 SYSTEMPATH\CodeIgniter.php(499): CodeIgniter\CodeIgniter->runController(Object(App\Controllers\login))
 4 SYSTEMPATH\CodeIgniter.php(368): CodeIgniter\CodeIgniter->handleRequest(null, Object(Config\Cache), false)
 5 FCPATH\index.php(67): CodeIgniter\CodeIgniter->run()
 6 SYSTEMPATH\Commands\Server\rewrite.php(47): require_once('C:\\xampp\\htdocs\\ci4Composer\\public\\index.php')
CRITICAL - 2023-04-20 09:20:05 --> Undefined property: App\Controllers\login::$load
in APPPATH\Controllers\login.php on line 9.
 1 APPPATH\Controllers\login.php(9): CodeIgniter\Debug\Exceptions->errorHandler(2, 'Undefined property: App\\Controllers\\login::$load', 'C:\\xampp\\htdocs\\ci4Composer\\app\\Controllers\\login.php', 9)
 2 SYSTEMPATH\CodeIgniter.php(934): App\Controllers\login->index()
 3 SYSTEMPATH\CodeIgniter.php(499): CodeIgniter\CodeIgniter->runController(Object(App\Controllers\login))
 4 SYSTEMPATH\CodeIgniter.php(368): CodeIgniter\CodeIgniter->handleRequest(null, Object(Config\Cache), false)
 5 FCPATH\index.php(67): CodeIgniter\CodeIgniter->run()
 6 SYSTEMPATH\Commands\Server\rewrite.php(47): require_once('C:\\xampp\\htdocs\\ci4Composer\\public\\index.php')
CRITICAL - 2023-04-20 09:20:06 --> Undefined property: App\Controllers\login::$load
in APPPATH\Controllers\login.php on line 9.
 1 APPPATH\Controllers\login.php(9): CodeIgniter\Debug\Exceptions->errorHandler(2, 'Undefined property: App\\Controllers\\login::$load', 'C:\\xampp\\htdocs\\ci4Composer\\app\\Controllers\\login.php', 9)
 2 SYSTEMPATH\CodeIgniter.php(934): App\Controllers\login->index()
 3 SYSTEMPATH\CodeIgniter.php(499): CodeIgniter\CodeIgniter->runController(Object(App\Controllers\login))
 4 SYSTEMPATH\CodeIgniter.php(368): CodeIgniter\CodeIgniter->handleRequest(null, Object(Config\Cache), false)
 5 FCPATH\index.php(67): CodeIgniter\CodeIgniter->run()
 6 SYSTEMPATH\Commands\Server\rewrite.php(47): require_once('C:\\xampp\\htdocs\\ci4Composer\\public\\index.php')
CRITICAL - 2023-04-20 09:20:06 --> Undefined property: App\Controllers\login::$load
in APPPATH\Controllers\login.php on line 9.
 1 APPPATH\Controllers\login.php(9): CodeIgniter\Debug\Exceptions->errorHandler(2, 'Undefined property: App\\Controllers\\login::$load', 'C:\\xampp\\htdocs\\ci4Composer\\app\\Controllers\\login.php', 9)
 2 SYSTEMPATH\CodeIgniter.php(934): App\Controllers\login->index()
 3 SYSTEMPATH\CodeIgniter.php(499): CodeIgniter\CodeIgniter->runController(Object(App\Controllers\login))
 4 SYSTEMPATH\CodeIgniter.php(368): CodeIgniter\CodeIgniter->handleRequest(null, Object(Config\Cache), false)
 5 FCPATH\index.php(67): CodeIgniter\CodeIgniter->run()
 6 SYSTEMPATH\Commands\Server\rewrite.php(47): require_once('C:\\xampp\\htdocs\\ci4Composer\\public\\index.php')
CRITICAL - 2023-04-20 09:20:06 --> Undefined property: App\Controllers\login::$load
in APPPATH\Controllers\login.php on line 9.
 1 APPPATH\Controllers\login.php(9): CodeIgniter\Debug\Exceptions->errorHandler(2, 'Undefined property: App\\Controllers\\login::$load', 'C:\\xampp\\htdocs\\ci4Composer\\app\\Controllers\\login.php', 9)
 2 SYSTEMPATH\CodeIgniter.php(934): App\Controllers\login->index()
 3 SYSTEMPATH\CodeIgniter.php(499): CodeIgniter\CodeIgniter->runController(Object(App\Controllers\login))
 4 SYSTEMPATH\CodeIgniter.php(368): CodeIgniter\CodeIgniter->handleRequest(null, Object(Config\Cache), false)
 5 FCPATH\index.php(67): CodeIgniter\CodeIgniter->run()
 6 SYSTEMPATH\Commands\Server\rewrite.php(47): require_once('C:\\xampp\\htdocs\\ci4Composer\\public\\index.php')
CRITICAL - 2023-04-20 09:20:07 --> Undefined property: App\Controllers\login::$load
in APPPATH\Controllers\login.php on line 9.
 1 APPPATH\Controllers\login.php(9): CodeIgniter\Debug\Exceptions->errorHandler(2, 'Undefined property: App\\Controllers\\login::$load', 'C:\\xampp\\htdocs\\ci4Composer\\app\\Controllers\\login.php', 9)
 2 SYSTEMPATH\CodeIgniter.php(934): App\Controllers\login->index()
 3 SYSTEMPATH\CodeIgniter.php(499): CodeIgniter\CodeIgniter->runController(Object(App\Controllers\login))
 4 SYSTEMPATH\CodeIgniter.php(368): CodeIgniter\CodeIgniter->handleRequest(null, Object(Config\Cache), false)
 5 FCPATH\index.php(67): CodeIgniter\CodeIgniter->run()
 6 SYSTEMPATH\Commands\Server\rewrite.php(47): require_once('C:\\xampp\\htdocs\\ci4Composer\\public\\index.php')
CRITICAL - 2023-04-20 09:20:07 --> Undefined property: App\Controllers\login::$load
in APPPATH\Controllers\login.php on line 9.
 1 APPPATH\Controllers\login.php(9): CodeIgniter\Debug\Exceptions->errorHandler(2, 'Undefined property: App\\Controllers\\login::$load', 'C:\\xampp\\htdocs\\ci4Composer\\app\\Controllers\\login.php', 9)
 2 SYSTEMPATH\CodeIgniter.php(934): App\Controllers\login->index()
 3 SYSTEMPATH\CodeIgniter.php(499): CodeIgniter\CodeIgniter->runController(Object(App\Controllers\login))
 4 SYSTEMPATH\CodeIgniter.php(368): CodeIgniter\CodeIgniter->handleRequest(null, Object(Config\Cache), false)
 5 FCPATH\index.php(67): CodeIgniter\CodeIgniter->run()
 6 SYSTEMPATH\Commands\Server\rewrite.php(47): require_once('C:\\xampp\\htdocs\\ci4Composer\\public\\index.php')
CRITICAL - 2023-04-20 09:20:07 --> Undefined property: App\Controllers\login::$load
in APPPATH\Controllers\login.php on line 9.
 1 APPPATH\Controllers\login.php(9): CodeIgniter\Debug\Exceptions->errorHandler(2, 'Undefined property: App\\Controllers\\login::$load', 'C:\\xampp\\htdocs\\ci4Composer\\app\\Controllers\\login.php', 9)
 2 SYSTEMPATH\CodeIgniter.php(934): App\Controllers\login->index()
 3 SYSTEMPATH\CodeIgniter.php(499): CodeIgniter\CodeIgniter->runController(Object(App\Controllers\login))
 4 SYSTEMPATH\CodeIgniter.php(368): CodeIgniter\CodeIgniter->handleRequest(null, Object(Config\Cache), false)
 5 FCPATH\index.php(67): CodeIgniter\CodeIgniter->run()
 6 SYSTEMPATH\Commands\Server\rewrite.php(47): require_once('C:\\xampp\\htdocs\\ci4Composer\\public\\index.php')
CRITICAL - 2023-04-20 09:20:57 --> Undefined property: App\Controllers\login::$load
in APPPATH\Controllers\login.php on line 9.
 1 APPPATH\Controllers\login.php(9): CodeIgniter\Debug\Exceptions->errorHandler(2, 'Undefined property: App\\Controllers\\login::$load', 'C:\\xampp\\htdocs\\ci4Composer\\app\\Controllers\\login.php', 9)
 2 SYSTEMPATH\CodeIgniter.php(934): App\Controllers\login->index()
 3 SYSTEMPATH\CodeIgniter.php(499): CodeIgniter\CodeIgniter->runController(Object(App\Controllers\login))
 4 SYSTEMPATH\CodeIgniter.php(368): CodeIgniter\CodeIgniter->handleRequest(null, Object(Config\Cache), false)
 5 FCPATH\index.php(67): CodeIgniter\CodeIgniter->run()
 6 SYSTEMPATH\Commands\Server\rewrite.php(47): require_once('C:\\xampp\\htdocs\\ci4Composer\\public\\index.php')
CRITICAL - 2023-04-20 09:21:46 --> Undefined property: App\Controllers\login::$load
in APPPATH\Controllers\login.php on line 9.
 1 APPPATH\Controllers\login.php(9): CodeIgniter\Debug\Exceptions->errorHandler(2, 'Undefined property: App\\Controllers\\login::$load', 'C:\\xampp\\htdocs\\ci4Composer\\app\\Controllers\\login.php', 9)
 2 SYSTEMPATH\CodeIgniter.php(934): App\Controllers\login->index()
 3 SYSTEMPATH\CodeIgniter.php(499): CodeIgniter\CodeIgniter->runController(Object(App\Controllers\login))
 4 SYSTEMPATH\CodeIgniter.php(368): CodeIgniter\CodeIgniter->handleRequest(null, Object(Config\Cache), false)
 5 FCPATH\index.php(67): CodeIgniter\CodeIgniter->run()
 6 SYSTEMPATH\Commands\Server\rewrite.php(47): require_once('C:\\xampp\\htdocs\\ci4Composer\\public\\index.php')
CRITICAL - 2023-04-20 09:24:06 --> Undefined property: App\Controllers\login::$load
in APPPATH\Controllers\login.php on line 9.
 1 APPPATH\Controllers\login.php(9): CodeIgniter\Debug\Exceptions->errorHandler(2, 'Undefined property: App\\Controllers\\login::$load', 'C:\\xampp\\htdocs\\ci4Composer\\app\\Controllers\\login.php', 9)
 2 SYSTEMPATH\CodeIgniter.php(934): App\Controllers\login->index()
 3 SYSTEMPATH\CodeIgniter.php(499): CodeIgniter\CodeIgniter->runController(Object(App\Controllers\login))
 4 SYSTEMPATH\CodeIgniter.php(368): CodeIgniter\CodeIgniter->handleRequest(null, Object(Config\Cache), false)
 5 FCPATH\index.php(67): CodeIgniter\CodeIgniter->run()
 6 SYSTEMPATH\Commands\Server\rewrite.php(47): require_once('C:\\xampp\\htdocs\\ci4Composer\\public\\index.php')
CRITICAL - 2023-04-20 09:24:07 --> Undefined property: App\Controllers\login::$load
in APPPATH\Controllers\login.php on line 9.
 1 APPPATH\Controllers\login.php(9): CodeIgniter\Debug\Exceptions->errorHandler(2, 'Undefined property: App\\Controllers\\login::$load', 'C:\\xampp\\htdocs\\ci4Composer\\app\\Controllers\\login.php', 9)
 2 SYSTEMPATH\CodeIgniter.php(934): App\Controllers\login->index()
 3 SYSTEMPATH\CodeIgniter.php(499): CodeIgniter\CodeIgniter->runController(Object(App\Controllers\login))
 4 SYSTEMPATH\CodeIgniter.php(368): CodeIgniter\CodeIgniter->handleRequest(null, Object(Config\Cache), false)
 5 FCPATH\index.php(67): CodeIgniter\CodeIgniter->run()
 6 SYSTEMPATH\Commands\Server\rewrite.php(47): require_once('C:\\xampp\\htdocs\\ci4Composer\\public\\index.php')
CRITICAL - 2023-04-20 09:28:38 --> Undefined property: App\Controllers\login::$load
in APPPATH\Controllers\login.php on line 9.
 1 APPPATH\Controllers\login.php(9): CodeIgniter\Debug\Exceptions->errorHandler(2, 'Undefined property: App\\Controllers\\login::$load', 'C:\\xampp\\htdocs\\ci4Composer\\app\\Controllers\\login.php', 9)
 2 SYSTEMPATH\CodeIgniter.php(934): App\Controllers\login->index()
 3 SYSTEMPATH\CodeIgniter.php(499): CodeIgniter\CodeIgniter->runController(Object(App\Controllers\login))
 4 SYSTEMPATH\CodeIgniter.php(368): CodeIgniter\CodeIgniter->handleRequest(null, Object(Config\Cache), false)
 5 FCPATH\index.php(67): CodeIgniter\CodeIgniter->run()
 6 SYSTEMPATH\Commands\Server\rewrite.php(47): require_once('C:\\xampp\\htdocs\\ci4Composer\\public\\index.php')
CRITICAL - 2023-04-20 09:29:06 --> Undefined property: App\Controllers\login::$load
in APPPATH\Controllers\login.php on line 9.
 1 APPPATH\Controllers\login.php(9): CodeIgniter\Debug\Exceptions->errorHandler(2, 'Undefined property: App\\Controllers\\login::$load', 'C:\\xampp\\htdocs\\ci4Composer\\app\\Controllers\\login.php', 9)
 2 SYSTEMPATH\CodeIgniter.php(934): App\Controllers\login->index()
 3 SYSTEMPATH\CodeIgniter.php(499): CodeIgniter\CodeIgniter->runController(Object(App\Controllers\login))
 4 SYSTEMPATH\CodeIgniter.php(368): CodeIgniter\CodeIgniter->handleRequest(null, Object(Config\Cache), false)
 5 FCPATH\index.php(67): CodeIgniter\CodeIgniter->run()
 6 SYSTEMPATH\Commands\Server\rewrite.php(47): require_once('C:\\xampp\\htdocs\\ci4Composer\\public\\index.php')
