CRITICAL - 2023-07-20 03:00:04 --> Undefined variable $email
in APPPATH\Controllers\control_project.php on line 24.
 1 APPPATH\Controllers\control_project.php(24): CodeIgniter\Debug\Exceptions->errorHandler(2, 'Undefined variable $email', 'C:\\xampp\\htdocs\\ci4Composer\\app\\Controllers\\control_project.php', 24)
 2 SYSTEMPATH\CodeIgniter.php(934): App\Controllers\control_project->hal_about()
 3 SYSTEMPATH\CodeIgniter.php(499): CodeIgniter\CodeIgniter->runController(Object(App\Controllers\control_project))
 4 SYSTEMPATH\CodeIgniter.php(368): CodeIgniter\CodeIgniter->handleRequest(null, Object(Config\Cache), false)
 5 FCPATH\index.php(67): CodeIgniter\CodeIgniter->run()
 6 SYSTEMPATH\Commands\Server\rewrite.php(47): require_once('C:\\xampp\\htdocs\\ci4Composer\\public\\index.php')
CRITICAL - 2023-07-20 03:04:11 --> Undefined variable $email
in APPPATH\Controllers\control_project.php on line 24.
 1 APPPATH\Controllers\control_project.php(24): CodeIgniter\Debug\Exceptions->errorHandler(2, 'Undefined variable $email', 'C:\\xampp\\htdocs\\ci4Composer\\app\\Controllers\\control_project.php', 24)
 2 SYSTEMPATH\CodeIgniter.php(934): App\Controllers\control_project->hal_about()
 3 SYSTEMPATH\CodeIgniter.php(499): CodeIgniter\CodeIgniter->runController(Object(App\Controllers\control_project))
 4 SYSTEMPATH\CodeIgniter.php(368): CodeIgniter\CodeIgniter->handleRequest(null, Object(Config\Cache), false)
 5 FCPATH\index.php(67): CodeIgniter\CodeIgniter->run()
 6 SYSTEMPATH\Commands\Server\rewrite.php(47): require_once('C:\\xampp\\htdocs\\ci4Composer\\public\\index.php')
CRITICAL - 2023-07-20 03:29:15 --> Undefined variable $name
in APPPATH\Controllers\control_project.php on line 55.
 1 APPPATH\Controllers\control_project.php(55): CodeIgniter\Debug\Exceptions->errorHandler(2, 'Undefined variable $name', 'C:\\xampp\\htdocs\\ci4Composer\\app\\Controllers\\control_project.php', 55)
 2 SYSTEMPATH\CodeIgniter.php(934): App\Controllers\control_project->hal_belanja()
 3 SYSTEMPATH\CodeIgniter.php(499): CodeIgniter\CodeIgniter->runController(Object(App\Controllers\control_project))
 4 SYSTEMPATH\CodeIgniter.php(368): CodeIgniter\CodeIgniter->handleRequest(null, Object(Config\Cache), false)
 5 FCPATH\index.php(67): CodeIgniter\CodeIgniter->run()
 6 SYSTEMPATH\Commands\Server\rewrite.php(47): require_once('C:\\xampp\\htdocs\\ci4Composer\\public\\index.php')
CRITICAL - 2023-07-20 03:33:14 --> Undefined variable $name
in APPPATH\Controllers\control_project.php on line 55.
 1 APPPATH\Controllers\control_project.php(55): CodeIgniter\Debug\Exceptions->errorHandler(2, 'Undefined variable $name', 'C:\\xampp\\htdocs\\ci4Composer\\app\\Controllers\\control_project.php', 55)
 2 SYSTEMPATH\CodeIgniter.php(934): App\Controllers\control_project->hal_belanja()
 3 SYSTEMPATH\CodeIgniter.php(499): CodeIgniter\CodeIgniter->runController(Object(App\Controllers\control_project))
 4 SYSTEMPATH\CodeIgniter.php(368): CodeIgniter\CodeIgniter->handleRequest(null, Object(Config\Cache), false)
 5 FCPATH\index.php(67): CodeIgniter\CodeIgniter->run()
 6 SYSTEMPATH\Commands\Server\rewrite.php(47): require_once('C:\\xampp\\htdocs\\ci4Composer\\public\\index.php')
CRITICAL - 2023-07-20 03:35:37 --> Undefined variable $username
in APPPATH\Views\belanja.php on line 180.
 1 APPPATH\Views\belanja.php(180): CodeIgniter\Debug\Exceptions->errorHandler(2, 'Undefined variable $username', 'C:\\xampp\\htdocs\\ci4Composer\\app\\Views\\belanja.php', 180)
 2 SYSTEMPATH\View\View.php(213): include('C:\\xampp\\htdocs\\ci4Composer\\app\\Views\\belanja.php')
 3 SYSTEMPATH\View\View.php(216): CodeIgniter\View\View->CodeIgniter\View\{closure}()
 4 SYSTEMPATH\Common.php(1184): CodeIgniter\View\View->render('belanja', [...], true)
 5 APPPATH\Controllers\control_project.php(56): view('belanja', [...], [...])
 6 SYSTEMPATH\CodeIgniter.php(934): App\Controllers\control_project->hal_belanja()
 7 SYSTEMPATH\CodeIgniter.php(499): CodeIgniter\CodeIgniter->runController(Object(App\Controllers\control_project))
 8 SYSTEMPATH\CodeIgniter.php(368): CodeIgniter\CodeIgniter->handleRequest(null, Object(Config\Cache), false)
 9 FCPATH\index.php(67): CodeIgniter\CodeIgniter->run()
10 SYSTEMPATH\Commands\Server\rewrite.php(47): require_once('C:\\xampp\\htdocs\\ci4Composer\\public\\index.php')
