CRITICAL - 2023-06-14 02:32:03 --> Undefined variable $row
in APPPATH\Views\karyawan.php on line 17.
 1 APPPATH\Views\karyawan.php(17): CodeIgniter\Debug\Exceptions->errorHandler(2, 'Undefined variable $row', 'C:\\xampp\\htdocs\\ci4Composer\\app\\Views\\karyawan.php', 17)
 2 SYSTEMPATH\View\View.php(213): include('C:\\xampp\\htdocs\\ci4Composer\\app\\Views\\karyawan.php')
 3 SYSTEMPATH\View\View.php(216): CodeIgniter\View\View->CodeIgniter\View\{closure}()
 4 SYSTEMPATH\Common.php(1184): CodeIgniter\View\View->render('karyawan', [], true)
 5 APPPATH\Controllers\Karyawan.php(18): view('karyawan', [...])
 6 SYSTEMPATH\CodeIgniter.php(934): App\Controllers\Karyawan->index()
 7 SYSTEMPATH\CodeIgniter.php(499): CodeIgniter\CodeIgniter->runController(Object(App\Controllers\Karyawan))
 8 SYSTEMPATH\CodeIgniter.php(368): CodeIgniter\CodeIgniter->handleRequest(null, Object(Config\Cache), false)
 9 FCPATH\index.php(67): CodeIgniter\CodeIgniter->run()
10 SYSTEMPATH\Commands\Server\rewrite.php(47): require_once('C:\\xampp\\htdocs\\ci4Composer\\public\\index.php')
CRITICAL - 2023-06-14 02:35:49 --> Too few arguments to function App\Controllers\Karyawan::delete(), 0 passed in C:\xampp\htdocs\ci4Composer\vendor\codeigniter4\framework\system\CodeIgniter.php on line 934 and exactly 1 expected
in APPPATH\Controllers\Karyawan.php on line 40.
 1 SYSTEMPATH\CodeIgniter.php(934): App\Controllers\Karyawan->delete()
 2 SYSTEMPATH\CodeIgniter.php(499): CodeIgniter\CodeIgniter->runController(Object(App\Controllers\Karyawan))
 3 SYSTEMPATH\CodeIgniter.php(368): CodeIgniter\CodeIgniter->handleRequest(null, Object(Config\Cache), false)
 4 FCPATH\index.php(67): CodeIgniter\CodeIgniter->run()
 5 SYSTEMPATH\Commands\Server\rewrite.php(47): require_once('C:\\xampp\\htdocs\\ci4Composer\\public\\index.php')
CRITICAL - 2023-06-14 02:36:23 --> Too few arguments to function App\Controllers\Karyawan::edit(), 0 passed in C:\xampp\htdocs\ci4Composer\vendor\codeigniter4\framework\system\CodeIgniter.php on line 934 and exactly 1 expected
in APPPATH\Controllers\Karyawan.php on line 53.
 1 SYSTEMPATH\CodeIgniter.php(934): App\Controllers\Karyawan->edit()
 2 SYSTEMPATH\CodeIgniter.php(499): CodeIgniter\CodeIgniter->runController(Object(App\Controllers\Karyawan))
 3 SYSTEMPATH\CodeIgniter.php(368): CodeIgniter\CodeIgniter->handleRequest(null, Object(Config\Cache), false)
 4 FCPATH\index.php(67): CodeIgniter\CodeIgniter->run()
 5 SYSTEMPATH\Commands\Server\rewrite.php(47): require_once('C:\\xampp\\htdocs\\ci4Composer\\public\\index.php')
CRITICAL - 2023-06-14 02:36:29 --> Too few arguments to function App\Controllers\Karyawan::delete(), 0 passed in C:\xampp\htdocs\ci4Composer\vendor\codeigniter4\framework\system\CodeIgniter.php on line 934 and exactly 1 expected
in APPPATH\Controllers\Karyawan.php on line 40.
 1 SYSTEMPATH\CodeIgniter.php(934): App\Controllers\Karyawan->delete()
 2 SYSTEMPATH\CodeIgniter.php(499): CodeIgniter\CodeIgniter->runController(Object(App\Controllers\Karyawan))
 3 SYSTEMPATH\CodeIgniter.php(368): CodeIgniter\CodeIgniter->handleRequest(null, Object(Config\Cache), false)
 4 FCPATH\index.php(67): CodeIgniter\CodeIgniter->run()
 5 SYSTEMPATH\Commands\Server\rewrite.php(47): require_once('C:\\xampp\\htdocs\\ci4Composer\\public\\index.php')
CRITICAL - 2023-06-14 02:36:34 --> Too few arguments to function App\Controllers\Karyawan::delete(), 0 passed in C:\xampp\htdocs\ci4Composer\vendor\codeigniter4\framework\system\CodeIgniter.php on line 934 and exactly 1 expected
in APPPATH\Controllers\Karyawan.php on line 40.
 1 SYSTEMPATH\CodeIgniter.php(934): App\Controllers\Karyawan->delete()
 2 SYSTEMPATH\CodeIgniter.php(499): CodeIgniter\CodeIgniter->runController(Object(App\Controllers\Karyawan))
 3 SYSTEMPATH\CodeIgniter.php(368): CodeIgniter\CodeIgniter->handleRequest(null, Object(Config\Cache), false)
 4 FCPATH\index.php(67): CodeIgniter\CodeIgniter->run()
 5 SYSTEMPATH\Commands\Server\rewrite.php(47): require_once('C:\\xampp\\htdocs\\ci4Composer\\public\\index.php')
CRITICAL - 2023-06-14 02:52:01 --> Undefined variable $row
in APPPATH\Views\karyawan.php on line 17.
 1 APPPATH\Views\karyawan.php(17): CodeIgniter\Debug\Exceptions->errorHandler(2, 'Undefined variable $row', 'C:\\xampp\\htdocs\\ci4Composer\\app\\Views\\karyawan.php', 17)
 2 SYSTEMPATH\View\View.php(213): include('C:\\xampp\\htdocs\\ci4Composer\\app\\Views\\karyawan.php')
 3 SYSTEMPATH\View\View.php(216): CodeIgniter\View\View->CodeIgniter\View\{closure}()
 4 SYSTEMPATH\Common.php(1184): CodeIgniter\View\View->render('karyawan', [], true)
 5 APPPATH\Controllers\Karyawan.php(18): view('karyawan', [...])
 6 SYSTEMPATH\CodeIgniter.php(934): App\Controllers\Karyawan->index()
 7 SYSTEMPATH\CodeIgniter.php(499): CodeIgniter\CodeIgniter->runController(Object(App\Controllers\Karyawan))
 8 SYSTEMPATH\CodeIgniter.php(368): CodeIgniter\CodeIgniter->handleRequest(null, Object(Config\Cache), false)
 9 FCPATH\index.php(67): CodeIgniter\CodeIgniter->run()
10 SYSTEMPATH\Commands\Server\rewrite.php(47): require_once('C:\\xampp\\htdocs\\ci4Composer\\public\\index.php')
CRITICAL - 2023-06-14 02:52:08 --> Undefined variable $row
in APPPATH\Views\karyawan.php on line 17.
 1 APPPATH\Views\karyawan.php(17): CodeIgniter\Debug\Exceptions->errorHandler(2, 'Undefined variable $row', 'C:\\xampp\\htdocs\\ci4Composer\\app\\Views\\karyawan.php', 17)
 2 SYSTEMPATH\View\View.php(213): include('C:\\xampp\\htdocs\\ci4Composer\\app\\Views\\karyawan.php')
 3 SYSTEMPATH\View\View.php(216): CodeIgniter\View\View->CodeIgniter\View\{closure}()
 4 SYSTEMPATH\Common.php(1184): CodeIgniter\View\View->render('karyawan', [], true)
 5 APPPATH\Controllers\Karyawan.php(18): view('karyawan', [...])
 6 SYSTEMPATH\CodeIgniter.php(934): App\Controllers\Karyawan->index()
 7 SYSTEMPATH\CodeIgniter.php(499): CodeIgniter\CodeIgniter->runController(Object(App\Controllers\Karyawan))
 8 SYSTEMPATH\CodeIgniter.php(368): CodeIgniter\CodeIgniter->handleRequest(null, Object(Config\Cache), false)
 9 FCPATH\index.php(67): CodeIgniter\CodeIgniter->run()
10 SYSTEMPATH\Commands\Server\rewrite.php(47): require_once('C:\\xampp\\htdocs\\ci4Composer\\public\\index.php')
CRITICAL - 2023-06-14 02:55:53 --> Undefined property: CodeIgniter\View\View::$Model_Karyawan
in APPPATH\Views\karyawan.php on line 18.
 1 APPPATH\Views\karyawan.php(18): CodeIgniter\Debug\Exceptions->errorHandler(2, 'Undefined property: CodeIgniter\\View\\View::$Model_Karyawan', 'C:\\xampp\\htdocs\\ci4Composer\\app\\Views\\karyawan.php', 18)
 2 SYSTEMPATH\View\View.php(213): include('C:\\xampp\\htdocs\\ci4Composer\\app\\Views\\karyawan.php')
 3 SYSTEMPATH\View\View.php(216): CodeIgniter\View\View->CodeIgniter\View\{closure}()
 4 SYSTEMPATH\Common.php(1184): CodeIgniter\View\View->render('karyawan', [], true)
 5 APPPATH\Controllers\Karyawan.php(18): view('karyawan', [...])
 6 SYSTEMPATH\CodeIgniter.php(934): App\Controllers\Karyawan->index()
 7 SYSTEMPATH\CodeIgniter.php(499): CodeIgniter\CodeIgniter->runController(Object(App\Controllers\Karyawan))
 8 SYSTEMPATH\CodeIgniter.php(368): CodeIgniter\CodeIgniter->handleRequest(null, Object(Config\Cache), false)
 9 FCPATH\index.php(67): CodeIgniter\CodeIgniter->run()
10 SYSTEMPATH\Commands\Server\rewrite.php(47): require_once('C:\\xampp\\htdocs\\ci4Composer\\public\\index.php')
CRITICAL - 2023-06-14 02:56:37 --> Undefined property: CodeIgniter\View\View::$KaryawanModel
in APPPATH\Views\karyawan.php on line 18.
 1 APPPATH\Views\karyawan.php(18): CodeIgniter\Debug\Exceptions->errorHandler(2, 'Undefined property: CodeIgniter\\View\\View::$KaryawanModel', 'C:\\xampp\\htdocs\\ci4Composer\\app\\Views\\karyawan.php', 18)
 2 SYSTEMPATH\View\View.php(213): include('C:\\xampp\\htdocs\\ci4Composer\\app\\Views\\karyawan.php')
 3 SYSTEMPATH\View\View.php(216): CodeIgniter\View\View->CodeIgniter\View\{closure}()
 4 SYSTEMPATH\Common.php(1184): CodeIgniter\View\View->render('karyawan', [], true)
 5 APPPATH\Controllers\Karyawan.php(18): view('karyawan', [...])
 6 SYSTEMPATH\CodeIgniter.php(934): App\Controllers\Karyawan->index()
 7 SYSTEMPATH\CodeIgniter.php(499): CodeIgniter\CodeIgniter->runController(Object(App\Controllers\Karyawan))
 8 SYSTEMPATH\CodeIgniter.php(368): CodeIgniter\CodeIgniter->handleRequest(null, Object(Config\Cache), false)
 9 FCPATH\index.php(67): CodeIgniter\CodeIgniter->run()
10 SYSTEMPATH\Commands\Server\rewrite.php(47): require_once('C:\\xampp\\htdocs\\ci4Composer\\public\\index.php')
CRITICAL - 2023-06-14 03:08:20 --> Undefined variable $karyawanmodel
in APPPATH\Views\karyawan.php on line 19.
 1 APPPATH\Views\karyawan.php(19): CodeIgniter\Debug\Exceptions->errorHandler(2, 'Undefined variable $karyawanmodel', 'C:\\xampp\\htdocs\\ci4Composer\\app\\Views\\karyawan.php', 19)
 2 SYSTEMPATH\View\View.php(213): include('C:\\xampp\\htdocs\\ci4Composer\\app\\Views\\karyawan.php')
 3 SYSTEMPATH\View\View.php(216): CodeIgniter\View\View->CodeIgniter\View\{closure}()
 4 SYSTEMPATH\Common.php(1184): CodeIgniter\View\View->render('karyawan', [], true)
 5 APPPATH\Controllers\Karyawan.php(18): view('karyawan', [...])
 6 SYSTEMPATH\CodeIgniter.php(934): App\Controllers\Karyawan->index()
 7 SYSTEMPATH\CodeIgniter.php(499): CodeIgniter\CodeIgniter->runController(Object(App\Controllers\Karyawan))
 8 SYSTEMPATH\CodeIgniter.php(368): CodeIgniter\CodeIgniter->handleRequest(null, Object(Config\Cache), false)
 9 FCPATH\index.php(67): CodeIgniter\CodeIgniter->run()
10 SYSTEMPATH\Commands\Server\rewrite.php(47): require_once('C:\\xampp\\htdocs\\ci4Composer\\public\\index.php')
CRITICAL - 2023-06-14 03:08:33 --> Call to undefined method App\Models\KaryawanModel::getKaryawan
in SYSTEMPATH\Model.php on line 842.
 1 APPPATH\Views\karyawan.php(19): CodeIgniter\Model->__call('getKaryawan', [])
 2 SYSTEMPATH\View\View.php(213): include('C:\\xampp\\htdocs\\ci4Composer\\app\\Views\\karyawan.php')
 3 SYSTEMPATH\View\View.php(216): CodeIgniter\View\View->CodeIgniter\View\{closure}()
 4 SYSTEMPATH\Common.php(1184): CodeIgniter\View\View->render('karyawan', [], true)
 5 APPPATH\Controllers\Karyawan.php(18): view('karyawan', [...])
 6 SYSTEMPATH\CodeIgniter.php(934): App\Controllers\Karyawan->index()
 7 SYSTEMPATH\CodeIgniter.php(499): CodeIgniter\CodeIgniter->runController(Object(App\Controllers\Karyawan))
 8 SYSTEMPATH\CodeIgniter.php(368): CodeIgniter\CodeIgniter->handleRequest(null, Object(Config\Cache), false)
 9 FCPATH\index.php(67): CodeIgniter\CodeIgniter->run()
10 SYSTEMPATH\Commands\Server\rewrite.php(47): require_once('C:\\xampp\\htdocs\\ci4Composer\\public\\index.php')
CRITICAL - 2023-06-14 03:09:42 --> Undefined variable $row
in APPPATH\Views\karyawan.php on line 17.
 1 APPPATH\Views\karyawan.php(17): CodeIgniter\Debug\Exceptions->errorHandler(2, 'Undefined variable $row', 'C:\\xampp\\htdocs\\ci4Composer\\app\\Views\\karyawan.php', 17)
 2 SYSTEMPATH\View\View.php(213): include('C:\\xampp\\htdocs\\ci4Composer\\app\\Views\\karyawan.php')
 3 SYSTEMPATH\View\View.php(216): CodeIgniter\View\View->CodeIgniter\View\{closure}()
 4 SYSTEMPATH\Common.php(1184): CodeIgniter\View\View->render('karyawan', [], true)
 5 APPPATH\Controllers\Karyawan.php(18): view('karyawan', [...])
 6 SYSTEMPATH\CodeIgniter.php(934): App\Controllers\Karyawan->index()
 7 SYSTEMPATH\CodeIgniter.php(499): CodeIgniter\CodeIgniter->runController(Object(App\Controllers\Karyawan))
 8 SYSTEMPATH\CodeIgniter.php(368): CodeIgniter\CodeIgniter->handleRequest(null, Object(Config\Cache), false)
 9 FCPATH\index.php(67): CodeIgniter\CodeIgniter->run()
10 SYSTEMPATH\Commands\Server\rewrite.php(47): require_once('C:\\xampp\\htdocs\\ci4Composer\\public\\index.php')
CRITICAL - 2023-06-14 03:09:55 --> Undefined variable $row
in APPPATH\Views\karyawan.php on line 17.
 1 APPPATH\Views\karyawan.php(17): CodeIgniter\Debug\Exceptions->errorHandler(2, 'Undefined variable $row', 'C:\\xampp\\htdocs\\ci4Composer\\app\\Views\\karyawan.php', 17)
 2 SYSTEMPATH\View\View.php(213): include('C:\\xampp\\htdocs\\ci4Composer\\app\\Views\\karyawan.php')
 3 SYSTEMPATH\View\View.php(216): CodeIgniter\View\View->CodeIgniter\View\{closure}()
 4 SYSTEMPATH\Common.php(1184): CodeIgniter\View\View->render('karyawan', [], true)
 5 APPPATH\Controllers\Karyawan.php(18): view('karyawan', [...])
 6 SYSTEMPATH\CodeIgniter.php(934): App\Controllers\Karyawan->index()
 7 SYSTEMPATH\CodeIgniter.php(499): CodeIgniter\CodeIgniter->runController(Object(App\Controllers\Karyawan))
 8 SYSTEMPATH\CodeIgniter.php(368): CodeIgniter\CodeIgniter->handleRequest(null, Object(Config\Cache), false)
 9 FCPATH\index.php(67): CodeIgniter\CodeIgniter->run()
10 SYSTEMPATH\Commands\Server\rewrite.php(47): require_once('C:\\xampp\\htdocs\\ci4Composer\\public\\index.php')
