ERROR - 2023-06-24 10:05:00 --> mysqli_sql_exception: Table 'karyawan' already exists in C:\xampp\htdocs\ci4Composer\vendor\codeigniter4\framework\system\Database\MySQLi\Connection.php:295
Stack trace:
#0 C:\xampp\htdocs\ci4Composer\vendor\codeigniter4\framework\system\Database\MySQLi\Connection.php(295): mysqli->query('CREATE TABLE `k...', 0)
#1 C:\xampp\htdocs\ci4Composer\vendor\codeigniter4\framework\system\Database\BaseConnection.php(691): CodeIgniter\Database\MySQLi\Connection->execute('CREATE TABLE `k...')
#2 C:\xampp\htdocs\ci4Composer\vendor\codeigniter4\framework\system\Database\BaseConnection.php(605): CodeIgniter\Database\BaseConnection->simpleQuery('CREATE TABLE `k...')
#3 C:\xampp\htdocs\ci4Composer\vendor\codeigniter4\framework\system\Database\Forge.php(546): CodeIgniter\Database\BaseConnection->query('CREATE TABLE `k...')
#4 C:\xampp\htdocs\ci4Composer\app\Database\Migrations\2023-06-24-100311_Karyawan.php(47): CodeIgniter\Database\Forge->createTable('karyawan')
#5 C:\xampp\htdocs\ci4Composer\vendor\codeigniter4\framework\system\Database\MigrationRunner.php(877): App\Database\Migrations\Karyawan->up()
#6 C:\xampp\htdocs\ci4Composer\vendor\codeigniter4\framework\system\Database\MigrationRunner.php(188): CodeIgniter\Database\MigrationRunner->migrate('up', Object(stdClass))
#7 C:\xampp\htdocs\ci4Composer\vendor\codeigniter4\framework\system\Commands\Database\Migrate.php(84): CodeIgniter\Database\MigrationRunner->latest(NULL)
#8 C:\xampp\htdocs\ci4Composer\vendor\codeigniter4\framework\system\CLI\Commands.php(65): CodeIgniter\Commands\Database\Migrate->run(Array)
#9 C:\xampp\htdocs\ci4Composer\vendor\codeigniter4\framework\system\CLI\Console.php(37): CodeIgniter\CLI\Commands->run('migrate', Array)
#10 C:\xampp\htdocs\ci4Composer\spark(97): CodeIgniter\CLI\Console->run()
#11 {main}
ERROR - 2023-06-24 10:24:10 --> mysqli_sql_exception: Unknown table 'db_karyawan.karyawan_test' in C:\xampp\htdocs\ci4Composer\vendor\codeigniter4\framework\system\Database\MySQLi\Connection.php:295
Stack trace:
#0 C:\xampp\htdocs\ci4Composer\vendor\codeigniter4\framework\system\Database\MySQLi\Connection.php(295): mysqli->query('DROP TABLE `kar...', 0)
#1 C:\xampp\htdocs\ci4Composer\vendor\codeigniter4\framework\system\Database\BaseConnection.php(691): CodeIgniter\Database\MySQLi\Connection->execute('DROP TABLE `kar...')
#2 C:\xampp\htdocs\ci4Composer\vendor\codeigniter4\framework\system\Database\BaseConnection.php(605): CodeIgniter\Database\BaseConnection->simpleQuery('DROP TABLE `kar...')
#3 C:\xampp\htdocs\ci4Composer\vendor\codeigniter4\framework\system\Database\Forge.php(637): CodeIgniter\Database\BaseConnection->query('DROP TABLE `kar...')
#4 C:\xampp\htdocs\ci4Composer\app\Database\Migrations\2023-06-24-100311_Karyawan.php(52): CodeIgniter\Database\Forge->dropTable('karyawan_test')
#5 C:\xampp\htdocs\ci4Composer\vendor\codeigniter4\framework\system\Database\MigrationRunner.php(877): App\Database\Migrations\Karyawan->down()
#6 C:\xampp\htdocs\ci4Composer\vendor\codeigniter4\framework\system\Database\MigrationRunner.php(299): CodeIgniter\Database\MigrationRunner->migrate('down', Object(stdClass))
#7 C:\xampp\htdocs\ci4Composer\vendor\codeigniter4\framework\system\Commands\Database\MigrateRollback.php(92): CodeIgniter\Database\MigrationRunner->regress(1)
#8 C:\xampp\htdocs\ci4Composer\vendor\codeigniter4\framework\system\CLI\Commands.php(65): CodeIgniter\Commands\Database\MigrateRollback->run(Array)
#9 C:\xampp\htdocs\ci4Composer\vendor\codeigniter4\framework\system\CLI\Console.php(37): CodeIgniter\CLI\Commands->run('migrate:rollbac...', Array)
#10 C:\xampp\htdocs\ci4Composer\spark(97): CodeIgniter\CLI\Console->run()
#11 {main}
