CRITICAL - 2023-04-19 02:04:25 --> Invalid file: "form login.php"
in SYSTEMPATH\Exceptions\FrameworkException.php on line 33.
 1 SYSTEMPATH\View\View.php(201): CodeIgniter\Exceptions\FrameworkException::forInvalidFile('form login.php')
 2 SYSTEMPATH\Common.php(1184): CodeIgniter\View\View->render('form login', [], true)
 3 APPPATH\Controllers\Home.php(9): view('form login')
 4 SYSTEMPATH\CodeIgniter.php(934): App\Controllers\Home->index()
 5 SYSTEMPATH\CodeIgniter.php(499): CodeIgniter\CodeIgniter->runController(Object(App\Controllers\Home))
 6 SYSTEMPATH\CodeIgniter.php(368): CodeIgniter\CodeIgniter->handleRequest(null, Object(Config\Cache), false)
 7 FCPATH\index.php(67): CodeIgniter\CodeIgniter->run()
 8 SYSTEMPATH\Commands\Server\rewrite.php(47): require_once('C:\\xampp\\htdocs\\ci4Composer\\public\\index.php')
CRITICAL - 2023-04-19 02:30:48 --> Undefined property: App\Controllers\login::$load
in APPPATH\Controllers\login.php on line 9.
 1 APPPATH\Controllers\login.php(9): CodeIgniter\Debug\Exceptions->errorHandler(2, 'Undefined property: App\\Controllers\\login::$load', 'C:\\xampp\\htdocs\\ci4Composer\\app\\Controllers\\login.php', 9)
 2 SYSTEMPATH\CodeIgniter.php(934): App\Controllers\login->index()
 3 SYSTEMPATH\CodeIgniter.php(499): CodeIgniter\CodeIgniter->runController(Object(App\Controllers\login))
 4 SYSTEMPATH\CodeIgniter.php(368): CodeIgniter\CodeIgniter->handleRequest(null, Object(Config\Cache), false)
 5 FCPATH\index.php(67): CodeIgniter\CodeIgniter->run()
 6 SYSTEMPATH\Commands\Server\rewrite.php(47): require_once('C:\\xampp\\htdocs\\ci4Composer\\public\\index.php')
CRITICAL - 2023-04-19 02:31:30 --> Undefined property: App\Controllers\login::$load
in APPPATH\Controllers\login.php on line 9.
 1 APPPATH\Controllers\login.php(9): CodeIgniter\Debug\Exceptions->errorHandler(2, 'Undefined property: App\\Controllers\\login::$load', 'C:\\xampp\\htdocs\\ci4Composer\\app\\Controllers\\login.php', 9)
 2 SYSTEMPATH\CodeIgniter.php(934): App\Controllers\login->index()
 3 SYSTEMPATH\CodeIgniter.php(499): CodeIgniter\CodeIgniter->runController(Object(App\Controllers\login))
 4 SYSTEMPATH\CodeIgniter.php(368): CodeIgniter\CodeIgniter->handleRequest(null, Object(Config\Cache), false)
 5 FCPATH\index.php(67): CodeIgniter\CodeIgniter->run()
 6 SYSTEMPATH\Commands\Server\rewrite.php(47): require_once('C:\\xampp\\htdocs\\ci4Composer\\public\\index.php')
